[2022-10-26 14:24:41] local.ERROR: No application encryption key has been specified. {"exception":"[object] (Illuminate\\Encryption\\MissingAppKeyException(code: 0): No application encryption key has been specified. at C:\\Users\\covid 19\\Downloads\\Velo-gestion_velo\\Velo-gestion_velo\\vendor\\laravel\\framework\\src\\Illuminate\\Encryption\\EncryptionServiceProvider.php:101)
[stacktrace]
#0 C:\\Users\\covid 19\\Downloads\\Velo-gestion_velo\\Velo-gestion_velo\\vendor\\laravel\\framework\\src\\Illuminate\\Support\\helpers.php(263): Illuminate\\Encryption\\EncryptionServiceProvider->Illuminate\\Encryption\\{closure}()
#1 C:\\Users\\covid 19\\Downloads\\Velo-gestion_velo\\Velo-gestion_velo\\vendor\\laravel\\framework\\src\\Illuminate\\Encryption\\EncryptionServiceProvider.php(103): tap()
#2 C:\\Users\\covid 19\\Downloads\\Velo-gestion_velo\\Velo-gestion_velo\\vendor\\laravel\\framework\\src\\Illuminate\\Encryption\\EncryptionServiceProvider.php(82): Illuminate\\Encryption\\EncryptionServiceProvider->key()
#3 C:\\Users\\covid 19\\Downloads\\Velo-gestion_velo\\Velo-gestion_velo\\vendor\\laravel\\framework\\src\\Illuminate\\Encryption\\EncryptionServiceProvider.php(34): Illuminate\\Encryption\\EncryptionServiceProvider->parseKey()
#4 C:\\Users\\covid 19\\Downloads\\Velo-gestion_velo\\Velo-gestion_velo\\vendor\\laravel\\framework\\src\\Illuminate\\Container\\Container.php(873): Illuminate\\Encryption\\EncryptionServiceProvider->Illuminate\\Encryption\\{closure}()
#5 C:\\Users\\covid 19\\Downloads\\Velo-gestion_velo\\Velo-gestion_velo\\vendor\\laravel\\framework\\src\\Illuminate\\Container\\Container.php(758): Illuminate\\Container\\Container->build()
#6 C:\\Users\\covid 19\\Downloads\\Velo-gestion_velo\\Velo-gestion_velo\\vendor\\laravel\\framework\\src\\Illuminate\\Foundation\\Application.php(851): Illuminate\\Container\\Container->resolve()
#7 C:\\Users\\covid 19\\Downloads\\Velo-gestion_velo\\Velo-gestion_velo\\vendor\\laravel\\framework\\src\\Illuminate\\Container\\Container.php(694): Illuminate\\Foundation\\Application->resolve()
#8 C:\\Users\\covid 19\\Downloads\\Velo-gestion_velo\\Velo-gestion_velo\\vendor\\laravel\\framework\\src\\Illuminate\\Foundation\\Application.php(836): Illuminate\\Container\\Container->make()
#9 C:\\Users\\covid 19\\Downloads\\Velo-gestion_velo\\Velo-gestion_velo\\vendor\\laravel\\framework\\src\\Illuminate\\Container\\Container.php(1027): Illuminate\\Foundation\\Application->make()
#10 C:\\Users\\covid 19\\Downloads\\Velo-gestion_velo\\Velo-gestion_velo\\vendor\\laravel\\framework\\src\\Illuminate\\Container\\Container.php(947): Illuminate\\Container\\Container->resolveClass()
#11 C:\\Users\\covid 19\\Downloads\\Velo-gestion_velo\\Velo-gestion_velo\\vendor\\laravel\\framework\\src\\Illuminate\\Container\\Container.php(908): Illuminate\\Container\\Container->resolveDependencies()
#12 C:\\Users\\covid 19\\Downloads\\Velo-gestion_velo\\Velo-gestion_velo\\vendor\\laravel\\framework\\src\\Illuminate\\Container\\Container.php(758): Illuminate\\Container\\Container->build()
#13 C:\\Users\\covid 19\\Downloads\\Velo-gestion_velo\\Velo-gestion_velo\\vendor\\laravel\\framework\\src\\Illuminate\\Foundation\\Application.php(851): Illuminate\\Container\\Container->resolve()
#14 C:\\Users\\covid 19\\Downloads\\Velo-gestion_velo\\Velo-gestion_velo\\vendor\\laravel\\framework\\src\\Illuminate\\Container\\Container.php(694): Illuminate\\Foundation\\Application->resolve()
#15 C:\\Users\\covid 19\\Downloads\\Velo-gestion_velo\\Velo-gestion_velo\\vendor\\laravel\\framework\\src\\Illuminate\\Foundation\\Application.php(836): Illuminate\\Container\\Container->make()
#16 C:\\Users\\covid 19\\Downloads\\Velo-gestion_velo\\Velo-gestion_velo\\vendor\\laravel\\framework\\src\\Illuminate\\Pipeline\\Pipeline.php(156): Illuminate\\Foundation\\Application->make()
#17 C:\\Users\\covid 19\\Downloads\\Velo-gestion_velo\\Velo-gestion_velo\\vendor\\laravel\\framework\\src\\Illuminate\\Pipeline\\Pipeline.php(103): Illuminate\\Pipeline\\Pipeline->Illuminate\\Pipeline\\{closure}()
#18 C:\\Users\\covid 19\\Downloads\\Velo-gestion_velo\\Velo-gestion_velo\\vendor\\laravel\\framework\\src\\Illuminate\\Routing\\Router.php(723): Illuminate\\Pipeline\\Pipeline->then()
#19 C:\\Users\\covid 19\\Downloads\\Velo-gestion_velo\\Velo-gestion_velo\\vendor\\laravel\\framework\\src\\Illuminate\\Routing\\Router.php(698): Illuminate\\Routing\\Router->runRouteWithinStack()
#20 C:\\Users\\covid 19\\Downloads\\Velo-gestion_velo\\Velo-gestion_velo\\vendor\\laravel\\framework\\src\\Illuminate\\Routing\\Router.php(662): Illuminate\\Routing\\Router->runRoute()
#21 C:\\Users\\covid 19\\Downloads\\Velo-gestion_velo\\Velo-gestion_velo\\vendor\\laravel\\framework\\src\\Illuminate\\Routing\\Router.php(651): Illuminate\\Routing\\Router->dispatchToRoute()
#22 C:\\Users\\covid 19\\Downloads\\Velo-gestion_velo\\Velo-gestion_velo\\vendor\\laravel\\framework\\src\\Illuminate\\Foundation\\Http\\Kernel.php(167): Illuminate\\Routing\\Router->dispatch()
#23 C:\\Users\\covid 19\\Downloads\\Velo-gestion_velo\\Velo-gestion_velo\\vendor\\laravel\\framework\\src\\Illuminate\\Pipeline\\Pipeline.php(128): Illuminate\\Foundation\\Http\\Kernel->Illuminate\\Foundation\\Http\\{closure}()
#24 C:\\Users\\covid 19\\Downloads\\Velo-gestion_velo\\Velo-gestion_velo\\vendor\\laravel\\framework\\src\\Illuminate\\Foundation\\Http\\Middleware\\TransformsRequest.php(21): Illuminate\\Pipeline\\Pipeline->Illuminate\\Pipeline\\{closure}()
#25 C:\\Users\\covid 19\\Downloads\\Velo-gestion_velo\\Velo-gestion_velo\\vendor\\laravel\\framework\\src\\Illuminate\\Foundation\\Http\\Middleware\\ConvertEmptyStringsToNull.php(31): Illuminate\\Foundation\\Http\\Middleware\\TransformsRequest->handle()
#26 C:\\Users\\covid 19\\Downloads\\Velo-gestion_velo\\Velo-gestion_velo\\vendor\\laravel\\framework\\src\\Illuminate\\Pipeline\\Pipeline.php(167): Illuminate\\Foundation\\Http\\Middleware\\ConvertEmptyStringsToNull->handle()
#27 C:\\Users\\covid 19\\Downloads\\Velo-gestion_velo\\Velo-gestion_velo\\vendor\\laravel\\framework\\src\\Illuminate\\Foundation\\Http\\Middleware\\TransformsRequest.php(21): Illuminate\\Pipeline\\Pipeline->Illuminate\\Pipeline\\{closure}()
#28 C:\\Users\\covid 19\\Downloads\\Velo-gestion_velo\\Velo-gestion_velo\\vendor\\laravel\\framework\\src\\Illuminate\\Foundation\\Http\\Middleware\\TrimStrings.php(40): Illuminate\\Foundation\\Http\\Middleware\\TransformsRequest->handle()
#29 C:\\Users\\covid 19\\Downloads\\Velo-gestion_velo\\Velo-gestion_velo\\vendor\\laravel\\framework\\src\\Illuminate\\Pipeline\\Pipeline.php(167): Illuminate\\Foundation\\Http\\Middleware\\TrimStrings->handle()
#30 C:\\Users\\covid 19\\Downloads\\Velo-gestion_velo\\Velo-gestion_velo\\vendor\\laravel\\framework\\src\\Illuminate\\Foundation\\Http\\Middleware\\ValidatePostSize.php(27): Illuminate\\Pipeline\\Pipeline->Illuminate\\Pipeline\\{closure}()
#31 C:\\Users\\covid 19\\Downloads\\Velo-gestion_velo\\Velo-gestion_velo\\vendor\\laravel\\framework\\src\\Illuminate\\Pipeline\\Pipeline.php(167): Illuminate\\Foundation\\Http\\Middleware\\ValidatePostSize->handle()
#32 C:\\Users\\covid 19\\Downloads\\Velo-gestion_velo\\Velo-gestion_velo\\vendor\\laravel\\framework\\src\\Illuminate\\Foundation\\Http\\Middleware\\PreventRequestsDuringMaintenance.php(86): Illuminate\\Pipeline\\Pipeline->Illuminate\\Pipeline\\{closure}()
#33 C:\\Users\\covid 19\\Downloads\\Velo-gestion_velo\\Velo-gestion_velo\\vendor\\laravel\\framework\\src\\Illuminate\\Pipeline\\Pipeline.php(167): Illuminate\\Foundation\\Http\\Middleware\\PreventRequestsDuringMaintenance->handle()
#34 C:\\Users\\covid 19\\Downloads\\Velo-gestion_velo\\Velo-gestion_velo\\vendor\\fruitcake\\laravel-cors\\src\\HandleCors.php(38): Illuminate\\Pipeline\\Pipeline->Illuminate\\Pipeline\\{closure}()
#35 C:\\Users\\covid 19\\Downloads\\Velo-gestion_velo\\Velo-gestion_velo\\vendor\\laravel\\framework\\src\\Illuminate\\Pipeline\\Pipeline.php(167): Fruitcake\\Cors\\HandleCors->handle()
#36 C:\\Users\\covid 19\\Downloads\\Velo-gestion_velo\\Velo-gestion_velo\\vendor\\fideloper\\proxy\\src\\TrustProxies.php(57): Illuminate\\Pipeline\\Pipeline->Illuminate\\Pipeline\\{closure}()
#37 C:\\Users\\covid 19\\Downloads\\Velo-gestion_velo\\Velo-gestion_velo\\vendor\\laravel\\framework\\src\\Illuminate\\Pipeline\\Pipeline.php(167): Fideloper\\Proxy\\TrustProxies->handle()
#38 C:\\Users\\covid 19\\Downloads\\Velo-gestion_velo\\Velo-gestion_velo\\vendor\\laravel\\framework\\src\\Illuminate\\Pipeline\\Pipeline.php(103): Illuminate\\Pipeline\\Pipeline->Illuminate\\Pipeline\\{closure}()
#39 C:\\Users\\covid 19\\Downloads\\Velo-gestion_velo\\Velo-gestion_velo\\vendor\\laravel\\framework\\src\\Illuminate\\Foundation\\Http\\Kernel.php(142): Illuminate\\Pipeline\\Pipeline->then()
#40 C:\\Users\\covid 19\\Downloads\\Velo-gestion_velo\\Velo-gestion_velo\\vendor\\laravel\\framework\\src\\Illuminate\\Foundation\\Http\\Kernel.php(111): Illuminate\\Foundation\\Http\\Kernel->sendRequestThroughRouter()
#41 C:\\Users\\covid 19\\Downloads\\Velo-gestion_velo\\Velo-gestion_velo\\public\\index.php(52): Illuminate\\Foundation\\Http\\Kernel->handle()
#42 C:\\Users\\covid 19\\Downloads\\Velo-gestion_velo\\Velo-gestion_velo\\server.php(21): require_once('...')
#43 {main}
"} 
[2022-10-26 14:24:41] local.ERROR: No application encryption key has been specified. {"exception":"[object] (Illuminate\\Encryption\\MissingAppKeyException(code: 0): No application encryption key has been specified. at C:\\Users\\covid 19\\Downloads\\Velo-gestion_velo\\Velo-gestion_velo\\vendor\\laravel\\framework\\src\\Illuminate\\Encryption\\EncryptionServiceProvider.php:101)
[stacktrace]
#0 C:\\Users\\covid 19\\Downloads\\Velo-gestion_velo\\Velo-gestion_velo\\vendor\\laravel\\framework\\src\\Illuminate\\Support\\helpers.php(263): Illuminate\\Encryption\\EncryptionServiceProvider->Illuminate\\Encryption\\{closure}()
#1 C:\\Users\\covid 19\\Downloads\\Velo-gestion_velo\\Velo-gestion_velo\\vendor\\laravel\\framework\\src\\Illuminate\\Encryption\\EncryptionServiceProvider.php(103): tap()
#2 C:\\Users\\covid 19\\Downloads\\Velo-gestion_velo\\Velo-gestion_velo\\vendor\\laravel\\framework\\src\\Illuminate\\Encryption\\EncryptionServiceProvider.php(82): Illuminate\\Encryption\\EncryptionServiceProvider->key()
#3 C:\\Users\\covid 19\\Downloads\\Velo-gestion_velo\\Velo-gestion_velo\\vendor\\laravel\\framework\\src\\Illuminate\\Encryption\\EncryptionServiceProvider.php(34): Illuminate\\Encryption\\EncryptionServiceProvider->parseKey()
#4 C:\\Users\\covid 19\\Downloads\\Velo-gestion_velo\\Velo-gestion_velo\\vendor\\laravel\\framework\\src\\Illuminate\\Container\\Container.php(873): Illuminate\\Encryption\\EncryptionServiceProvider->Illuminate\\Encryption\\{closure}()
#5 C:\\Users\\covid 19\\Downloads\\Velo-gestion_velo\\Velo-gestion_velo\\vendor\\laravel\\framework\\src\\Illuminate\\Container\\Container.php(758): Illuminate\\Container\\Container->build()
#6 C:\\Users\\covid 19\\Downloads\\Velo-gestion_velo\\Velo-gestion_velo\\vendor\\laravel\\framework\\src\\Illuminate\\Foundation\\Application.php(851): Illuminate\\Container\\Container->resolve()
#7 C:\\Users\\covid 19\\Downloads\\Velo-gestion_velo\\Velo-gestion_velo\\vendor\\laravel\\framework\\src\\Illuminate\\Container\\Container.php(694): Illuminate\\Foundation\\Application->resolve()
#8 C:\\Users\\covid 19\\Downloads\\Velo-gestion_velo\\Velo-gestion_velo\\vendor\\laravel\\framework\\src\\Illuminate\\Foundation\\Application.php(836): Illuminate\\Container\\Container->make()
#9 C:\\Users\\covid 19\\Downloads\\Velo-gestion_velo\\Velo-gestion_velo\\vendor\\laravel\\framework\\src\\Illuminate\\Container\\Container.php(1027): Illuminate\\Foundation\\Application->make()
#10 C:\\Users\\covid 19\\Downloads\\Velo-gestion_velo\\Velo-gestion_velo\\vendor\\laravel\\framework\\src\\Illuminate\\Container\\Container.php(947): Illuminate\\Container\\Container->resolveClass()
#11 C:\\Users\\covid 19\\Downloads\\Velo-gestion_velo\\Velo-gestion_velo\\vendor\\laravel\\framework\\src\\Illuminate\\Container\\Container.php(908): Illuminate\\Container\\Container->resolveDependencies()
#12 C:\\Users\\covid 19\\Downloads\\Velo-gestion_velo\\Velo-gestion_velo\\vendor\\laravel\\framework\\src\\Illuminate\\Container\\Container.php(758): Illuminate\\Container\\Container->build()
#13 C:\\Users\\covid 19\\Downloads\\Velo-gestion_velo\\Velo-gestion_velo\\vendor\\laravel\\framework\\src\\Illuminate\\Foundation\\Application.php(851): Illuminate\\Container\\Container->resolve()
#14 C:\\Users\\covid 19\\Downloads\\Velo-gestion_velo\\Velo-gestion_velo\\vendor\\laravel\\framework\\src\\Illuminate\\Container\\Container.php(694): Illuminate\\Foundation\\Application->resolve()
#15 C:\\Users\\covid 19\\Downloads\\Velo-gestion_velo\\Velo-gestion_velo\\vendor\\laravel\\framework\\src\\Illuminate\\Foundation\\Application.php(836): Illuminate\\Container\\Container->make()
#16 C:\\Users\\covid 19\\Downloads\\Velo-gestion_velo\\Velo-gestion_velo\\vendor\\laravel\\framework\\src\\Illuminate\\Foundation\\Http\\Kernel.php(206): Illuminate\\Foundation\\Application->make()
#17 C:\\Users\\covid 19\\Downloads\\Velo-gestion_velo\\Velo-gestion_velo\\vendor\\laravel\\framework\\src\\Illuminate\\Foundation\\Http\\Kernel.php(180): Illuminate\\Foundation\\Http\\Kernel->terminateMiddleware()
#18 C:\\Users\\covid 19\\Downloads\\Velo-gestion_velo\\Velo-gestion_velo\\public\\index.php(55): Illuminate\\Foundation\\Http\\Kernel->terminate()
#19 C:\\Users\\covid 19\\Downloads\\Velo-gestion_velo\\Velo-gestion_velo\\server.php(21): require_once('...')
#20 {main}
"} 
[2022-10-26 14:30:36] local.ERROR: Undefined variable $users (View: C:\Users\covid 19\Downloads\Velo-gestion_velo\Velo-gestion_velo\resources\views\asso\Create.blade.php) {"view":{"view":"C:\\Users\\covid 19\\Downloads\\Velo-gestion_velo\\Velo-gestion_velo\\resources\\views/asso/Create.blade.php","data":{"errors":"<pre class=sf-dump id=sf-dump-498719783 data-indent-pad=\"  \"><span class=sf-dump-note>Illuminate\\Support\\ViewErrorBag</span> {<a class=sf-dump-ref>#1316</a><samp data-depth=1 class=sf-dump-expanded>
  #<span class=sf-dump-protected title=\"Protected property\">bags</span>: []
</samp>}
</pre><script>Sfdump(\"sf-dump-498719783\", {\"maxDepth\":3,\"maxStringLength\":160})</script>
"}},"userId":2,"exception":"[object] (Facade\\Ignition\\Exceptions\\ViewException(code: 0): Undefined variable $users (View: C:\\Users\\covid 19\\Downloads\\Velo-gestion_velo\\Velo-gestion_velo\\resources\\views\\asso\\Create.blade.php) at C:\\Users\\covid 19\\Downloads\\Velo-gestion_velo\\Velo-gestion_velo\\resources\\views/asso/Create.blade.php:56)
[stacktrace]
#0 C:\\Users\\covid 19\\Downloads\\Velo-gestion_velo\\Velo-gestion_velo\\resources\\views/asso/Create.blade.php(56): Illuminate\\Foundation\\Bootstrap\\HandleExceptions->handleError()
#1 C:\\Users\\covid 19\\Downloads\\Velo-gestion_velo\\Velo-gestion_velo\\vendor\\laravel\\framework\\src\\Illuminate\\Filesystem\\Filesystem.php(107): require('...')
#2 C:\\Users\\covid 19\\Downloads\\Velo-gestion_velo\\Velo-gestion_velo\\vendor\\laravel\\framework\\src\\Illuminate\\Filesystem\\Filesystem.php(108): Illuminate\\Filesystem\\Filesystem::Illuminate\\Filesystem\\{closure}()
#3 C:\\Users\\covid 19\\Downloads\\Velo-gestion_velo\\Velo-gestion_velo\\vendor\\laravel\\framework\\src\\Illuminate\\View\\Engines\\PhpEngine.php(58): Illuminate\\Filesystem\\Filesystem->getRequire()
#4 C:\\Users\\covid 19\\Downloads\\Velo-gestion_velo\\Velo-gestion_velo\\vendor\\laravel\\framework\\src\\Illuminate\\View\\Engines\\CompilerEngine.php(61): Illuminate\\View\\Engines\\PhpEngine->evaluatePath()
#5 C:\\Users\\covid 19\\Downloads\\Velo-gestion_velo\\Velo-gestion_velo\\vendor\\facade\\ignition\\src\\Views\\Engines\\CompilerEngine.php(37): Illuminate\\View\\Engines\\CompilerEngine->get()
#6 C:\\Users\\covid 19\\Downloads\\Velo-gestion_velo\\Velo-gestion_velo\\vendor\\laravel\\framework\\src\\Illuminate\\View\\View.php(139): Facade\\Ignition\\Views\\Engines\\CompilerEngine->get()
#7 C:\\Users\\covid 19\\Downloads\\Velo-gestion_velo\\Velo-gestion_velo\\vendor\\laravel\\framework\\src\\Illuminate\\View\\View.php(122): Illuminate\\View\\View->getContents()
#8 C:\\Users\\covid 19\\Downloads\\Velo-gestion_velo\\Velo-gestion_velo\\vendor\\laravel\\framework\\src\\Illuminate\\View\\View.php(91): Illuminate\\View\\View->renderContents()
#9 C:\\Users\\covid 19\\Downloads\\Velo-gestion_velo\\Velo-gestion_velo\\vendor\\laravel\\framework\\src\\Illuminate\\Http\\Response.php(69): Illuminate\\View\\View->render()
#10 C:\\Users\\covid 19\\Downloads\\Velo-gestion_velo\\Velo-gestion_velo\\vendor\\laravel\\framework\\src\\Illuminate\\Http\\Response.php(35): Illuminate\\Http\\Response->setContent()
#11 C:\\Users\\covid 19\\Downloads\\Velo-gestion_velo\\Velo-gestion_velo\\vendor\\laravel\\framework\\src\\Illuminate\\Routing\\Router.php(820): Illuminate\\Http\\Response->__construct()
#12 C:\\Users\\covid 19\\Downloads\\Velo-gestion_velo\\Velo-gestion_velo\\vendor\\laravel\\framework\\src\\Illuminate\\Routing\\Router.php(789): Illuminate\\Routing\\Router::toResponse()
#13 C:\\Users\\covid 19\\Downloads\\Velo-gestion_velo\\Velo-gestion_velo\\vendor\\laravel\\framework\\src\\Illuminate\\Routing\\Router.php(721): Illuminate\\Routing\\Router->prepareResponse()
#14 C:\\Users\\covid 19\\Downloads\\Velo-gestion_velo\\Velo-gestion_velo\\vendor\\laravel\\framework\\src\\Illuminate\\Pipeline\\Pipeline.php(128): Illuminate\\Routing\\Router->Illuminate\\Routing\\{closure}()
#15 C:\\Users\\covid 19\\Downloads\\Velo-gestion_velo\\Velo-gestion_velo\\vendor\\laravel\\framework\\src\\Illuminate\\Routing\\Middleware\\SubstituteBindings.php(50): Illuminate\\Pipeline\\Pipeline->Illuminate\\Pipeline\\{closure}()
#16 C:\\Users\\covid 19\\Downloads\\Velo-gestion_velo\\Velo-gestion_velo\\vendor\\laravel\\framework\\src\\Illuminate\\Pipeline\\Pipeline.php(167): Illuminate\\Routing\\Middleware\\SubstituteBindings->handle()
#17 C:\\Users\\covid 19\\Downloads\\Velo-gestion_velo\\Velo-gestion_velo\\vendor\\laravel\\framework\\src\\Illuminate\\Auth\\Middleware\\Authenticate.php(44): Illuminate\\Pipeline\\Pipeline->Illuminate\\Pipeline\\{closure}()
#18 C:\\Users\\covid 19\\Downloads\\Velo-gestion_velo\\Velo-gestion_velo\\vendor\\laravel\\framework\\src\\Illuminate\\Pipeline\\Pipeline.php(167): Illuminate\\Auth\\Middleware\\Authenticate->handle()
#19 C:\\Users\\covid 19\\Downloads\\Velo-gestion_velo\\Velo-gestion_velo\\vendor\\laravel\\framework\\src\\Illuminate\\Foundation\\Http\\Middleware\\VerifyCsrfToken.php(78): Illuminate\\Pipeline\\Pipeline->Illuminate\\Pipeline\\{closure}()
#20 C:\\Users\\covid 19\\Downloads\\Velo-gestion_velo\\Velo-gestion_velo\\vendor\\laravel\\framework\\src\\Illuminate\\Pipeline\\Pipeline.php(167): Illuminate\\Foundation\\Http\\Middleware\\VerifyCsrfToken->handle()
#21 C:\\Users\\covid 19\\Downloads\\Velo-gestion_velo\\Velo-gestion_velo\\vendor\\laravel\\framework\\src\\Illuminate\\View\\Middleware\\ShareErrorsFromSession.php(49): Illuminate\\Pipeline\\Pipeline->Illuminate\\Pipeline\\{closure}()
#22 C:\\Users\\covid 19\\Downloads\\Velo-gestion_velo\\Velo-gestion_velo\\vendor\\laravel\\framework\\src\\Illuminate\\Pipeline\\Pipeline.php(167): Illuminate\\View\\Middleware\\ShareErrorsFromSession->handle()
#23 C:\\Users\\covid 19\\Downloads\\Velo-gestion_velo\\Velo-gestion_velo\\vendor\\laravel\\framework\\src\\Illuminate\\Session\\Middleware\\StartSession.php(121): Illuminate\\Pipeline\\Pipeline->Illuminate\\Pipeline\\{closure}()
#24 C:\\Users\\covid 19\\Downloads\\Velo-gestion_velo\\Velo-gestion_velo\\vendor\\laravel\\framework\\src\\Illuminate\\Session\\Middleware\\StartSession.php(64): Illuminate\\Session\\Middleware\\StartSession->handleStatefulRequest()
#25 C:\\Users\\covid 19\\Downloads\\Velo-gestion_velo\\Velo-gestion_velo\\vendor\\laravel\\framework\\src\\Illuminate\\Pipeline\\Pipeline.php(167): Illuminate\\Session\\Middleware\\StartSession->handle()
#26 C:\\Users\\covid 19\\Downloads\\Velo-gestion_velo\\Velo-gestion_velo\\vendor\\laravel\\framework\\src\\Illuminate\\Cookie\\Middleware\\AddQueuedCookiesToResponse.php(37): Illuminate\\Pipeline\\Pipeline->Illuminate\\Pipeline\\{closure}()
#27 C:\\Users\\covid 19\\Downloads\\Velo-gestion_velo\\Velo-gestion_velo\\vendor\\laravel\\framework\\src\\Illuminate\\Pipeline\\Pipeline.php(167): Illuminate\\Cookie\\Middleware\\AddQueuedCookiesToResponse->handle()
#28 C:\\Users\\covid 19\\Downloads\\Velo-gestion_velo\\Velo-gestion_velo\\vendor\\laravel\\framework\\src\\Illuminate\\Cookie\\Middleware\\EncryptCookies.php(67): Illuminate\\Pipeline\\Pipeline->Illuminate\\Pipeline\\{closure}()
#29 C:\\Users\\covid 19\\Downloads\\Velo-gestion_velo\\Velo-gestion_velo\\vendor\\laravel\\framework\\src\\Illuminate\\Pipeline\\Pipeline.php(167): Illuminate\\Cookie\\Middleware\\EncryptCookies->handle()
#30 C:\\Users\\covid 19\\Downloads\\Velo-gestion_velo\\Velo-gestion_velo\\vendor\\laravel\\framework\\src\\Illuminate\\Pipeline\\Pipeline.php(103): Illuminate\\Pipeline\\Pipeline->Illuminate\\Pipeline\\{closure}()
#31 C:\\Users\\covid 19\\Downloads\\Velo-gestion_velo\\Velo-gestion_velo\\vendor\\laravel\\framework\\src\\Illuminate\\Routing\\Router.php(723): Illuminate\\Pipeline\\Pipeline->then()
#32 C:\\Users\\covid 19\\Downloads\\Velo-gestion_velo\\Velo-gestion_velo\\vendor\\laravel\\framework\\src\\Illuminate\\Routing\\Router.php(698): Illuminate\\Routing\\Router->runRouteWithinStack()
#33 C:\\Users\\covid 19\\Downloads\\Velo-gestion_velo\\Velo-gestion_velo\\vendor\\laravel\\framework\\src\\Illuminate\\Routing\\Router.php(662): Illuminate\\Routing\\Router->runRoute()
#34 C:\\Users\\covid 19\\Downloads\\Velo-gestion_velo\\Velo-gestion_velo\\vendor\\laravel\\framework\\src\\Illuminate\\Routing\\Router.php(651): Illuminate\\Routing\\Router->dispatchToRoute()
#35 C:\\Users\\covid 19\\Downloads\\Velo-gestion_velo\\Velo-gestion_velo\\vendor\\laravel\\framework\\src\\Illuminate\\Foundation\\Http\\Kernel.php(167): Illuminate\\Routing\\Router->dispatch()
#36 C:\\Users\\covid 19\\Downloads\\Velo-gestion_velo\\Velo-gestion_velo\\vendor\\laravel\\framework\\src\\Illuminate\\Pipeline\\Pipeline.php(128): Illuminate\\Foundation\\Http\\Kernel->Illuminate\\Foundation\\Http\\{closure}()
#37 C:\\Users\\covid 19\\Downloads\\Velo-gestion_velo\\Velo-gestion_velo\\vendor\\laravel\\framework\\src\\Illuminate\\Foundation\\Http\\Middleware\\TransformsRequest.php(21): Illuminate\\Pipeline\\Pipeline->Illuminate\\Pipeline\\{closure}()
#38 C:\\Users\\covid 19\\Downloads\\Velo-gestion_velo\\Velo-gestion_velo\\vendor\\laravel\\framework\\src\\Illuminate\\Foundation\\Http\\Middleware\\ConvertEmptyStringsToNull.php(31): Illuminate\\Foundation\\Http\\Middleware\\TransformsRequest->handle()
#39 C:\\Users\\covid 19\\Downloads\\Velo-gestion_velo\\Velo-gestion_velo\\vendor\\laravel\\framework\\src\\Illuminate\\Pipeline\\Pipeline.php(167): Illuminate\\Foundation\\Http\\Middleware\\ConvertEmptyStringsToNull->handle()
#40 C:\\Users\\covid 19\\Downloads\\Velo-gestion_velo\\Velo-gestion_velo\\vendor\\laravel\\framework\\src\\Illuminate\\Foundation\\Http\\Middleware\\TransformsRequest.php(21): Illuminate\\Pipeline\\Pipeline->Illuminate\\Pipeline\\{closure}()
#41 C:\\Users\\covid 19\\Downloads\\Velo-gestion_velo\\Velo-gestion_velo\\vendor\\laravel\\framework\\src\\Illuminate\\Foundation\\Http\\Middleware\\TrimStrings.php(40): Illuminate\\Foundation\\Http\\Middleware\\TransformsRequest->handle()
#42 C:\\Users\\covid 19\\Downloads\\Velo-gestion_velo\\Velo-gestion_velo\\vendor\\laravel\\framework\\src\\Illuminate\\Pipeline\\Pipeline.php(167): Illuminate\\Foundation\\Http\\Middleware\\TrimStrings->handle()
#43 C:\\Users\\covid 19\\Downloads\\Velo-gestion_velo\\Velo-gestion_velo\\vendor\\laravel\\framework\\src\\Illuminate\\Foundation\\Http\\Middleware\\ValidatePostSize.php(27): Illuminate\\Pipeline\\Pipeline->Illuminate\\Pipeline\\{closure}()
#44 C:\\Users\\covid 19\\Downloads\\Velo-gestion_velo\\Velo-gestion_velo\\vendor\\laravel\\framework\\src\\Illuminate\\Pipeline\\Pipeline.php(167): Illuminate\\Foundation\\Http\\Middleware\\ValidatePostSize->handle()
#45 C:\\Users\\covid 19\\Downloads\\Velo-gestion_velo\\Velo-gestion_velo\\vendor\\laravel\\framework\\src\\Illuminate\\Foundation\\Http\\Middleware\\PreventRequestsDuringMaintenance.php(86): Illuminate\\Pipeline\\Pipeline->Illuminate\\Pipeline\\{closure}()
#46 C:\\Users\\covid 19\\Downloads\\Velo-gestion_velo\\Velo-gestion_velo\\vendor\\laravel\\framework\\src\\Illuminate\\Pipeline\\Pipeline.php(167): Illuminate\\Foundation\\Http\\Middleware\\PreventRequestsDuringMaintenance->handle()
#47 C:\\Users\\covid 19\\Downloads\\Velo-gestion_velo\\Velo-gestion_velo\\vendor\\fruitcake\\laravel-cors\\src\\HandleCors.php(38): Illuminate\\Pipeline\\Pipeline->Illuminate\\Pipeline\\{closure}()
#48 C:\\Users\\covid 19\\Downloads\\Velo-gestion_velo\\Velo-gestion_velo\\vendor\\laravel\\framework\\src\\Illuminate\\Pipeline\\Pipeline.php(167): Fruitcake\\Cors\\HandleCors->handle()
#49 C:\\Users\\covid 19\\Downloads\\Velo-gestion_velo\\Velo-gestion_velo\\vendor\\fideloper\\proxy\\src\\TrustProxies.php(57): Illuminate\\Pipeline\\Pipeline->Illuminate\\Pipeline\\{closure}()
#50 C:\\Users\\covid 19\\Downloads\\Velo-gestion_velo\\Velo-gestion_velo\\vendor\\laravel\\framework\\src\\Illuminate\\Pipeline\\Pipeline.php(167): Fideloper\\Proxy\\TrustProxies->handle()
#51 C:\\Users\\covid 19\\Downloads\\Velo-gestion_velo\\Velo-gestion_velo\\vendor\\laravel\\framework\\src\\Illuminate\\Pipeline\\Pipeline.php(103): Illuminate\\Pipeline\\Pipeline->Illuminate\\Pipeline\\{closure}()
#52 C:\\Users\\covid 19\\Downloads\\Velo-gestion_velo\\Velo-gestion_velo\\vendor\\laravel\\framework\\src\\Illuminate\\Foundation\\Http\\Kernel.php(142): Illuminate\\Pipeline\\Pipeline->then()
#53 C:\\Users\\covid 19\\Downloads\\Velo-gestion_velo\\Velo-gestion_velo\\vendor\\laravel\\framework\\src\\Illuminate\\Foundation\\Http\\Kernel.php(111): Illuminate\\Foundation\\Http\\Kernel->sendRequestThroughRouter()
#54 C:\\Users\\covid 19\\Downloads\\Velo-gestion_velo\\Velo-gestion_velo\\public\\index.php(52): Illuminate\\Foundation\\Http\\Kernel->handle()
#55 C:\\Users\\covid 19\\Downloads\\Velo-gestion_velo\\Velo-gestion_velo\\server.php(21): require_once('...')
#56 {main}

[previous exception] [object] (ErrorException(code: 0): Undefined variable $users at C:\\Users\\covid 19\\Downloads\\Velo-gestion_velo\\Velo-gestion_velo\\storage\\framework\\views\\41bbae1fa1c684df3b73e40e98d23e390884ce2b.php:54)
[stacktrace]
#0 C:\\Users\\covid 19\\Downloads\\Velo-gestion_velo\\Velo-gestion_velo\\storage\\framework\\views\\41bbae1fa1c684df3b73e40e98d23e390884ce2b.php(54): Illuminate\\Foundation\\Bootstrap\\HandleExceptions->handleError()
#1 C:\\Users\\covid 19\\Downloads\\Velo-gestion_velo\\Velo-gestion_velo\\vendor\\laravel\\framework\\src\\Illuminate\\Filesystem\\Filesystem.php(107): require('...')
#2 C:\\Users\\covid 19\\Downloads\\Velo-gestion_velo\\Velo-gestion_velo\\vendor\\laravel\\framework\\src\\Illuminate\\Filesystem\\Filesystem.php(108): Illuminate\\Filesystem\\Filesystem::Illuminate\\Filesystem\\{closure}()
#3 C:\\Users\\covid 19\\Downloads\\Velo-gestion_velo\\Velo-gestion_velo\\vendor\\laravel\\framework\\src\\Illuminate\\View\\Engines\\PhpEngine.php(58): Illuminate\\Filesystem\\Filesystem->getRequire()
#4 C:\\Users\\covid 19\\Downloads\\Velo-gestion_velo\\Velo-gestion_velo\\vendor\\laravel\\framework\\src\\Illuminate\\View\\Engines\\CompilerEngine.php(61): Illuminate\\View\\Engines\\PhpEngine->evaluatePath()
#5 C:\\Users\\covid 19\\Downloads\\Velo-gestion_velo\\Velo-gestion_velo\\vendor\\facade\\ignition\\src\\Views\\Engines\\CompilerEngine.php(37): Illuminate\\View\\Engines\\CompilerEngine->get()
#6 C:\\Users\\covid 19\\Downloads\\Velo-gestion_velo\\Velo-gestion_velo\\vendor\\laravel\\framework\\src\\Illuminate\\View\\View.php(139): Facade\\Ignition\\Views\\Engines\\CompilerEngine->get()
#7 C:\\Users\\covid 19\\Downloads\\Velo-gestion_velo\\Velo-gestion_velo\\vendor\\laravel\\framework\\src\\Illuminate\\View\\View.php(122): Illuminate\\View\\View->getContents()
#8 C:\\Users\\covid 19\\Downloads\\Velo-gestion_velo\\Velo-gestion_velo\\vendor\\laravel\\framework\\src\\Illuminate\\View\\View.php(91): Illuminate\\View\\View->renderContents()
#9 C:\\Users\\covid 19\\Downloads\\Velo-gestion_velo\\Velo-gestion_velo\\vendor\\laravel\\framework\\src\\Illuminate\\Http\\Response.php(69): Illuminate\\View\\View->render()
#10 C:\\Users\\covid 19\\Downloads\\Velo-gestion_velo\\Velo-gestion_velo\\vendor\\laravel\\framework\\src\\Illuminate\\Http\\Response.php(35): Illuminate\\Http\\Response->setContent()
#11 C:\\Users\\covid 19\\Downloads\\Velo-gestion_velo\\Velo-gestion_velo\\vendor\\laravel\\framework\\src\\Illuminate\\Routing\\Router.php(820): Illuminate\\Http\\Response->__construct()
#12 C:\\Users\\covid 19\\Downloads\\Velo-gestion_velo\\Velo-gestion_velo\\vendor\\laravel\\framework\\src\\Illuminate\\Routing\\Router.php(789): Illuminate\\Routing\\Router::toResponse()
#13 C:\\Users\\covid 19\\Downloads\\Velo-gestion_velo\\Velo-gestion_velo\\vendor\\laravel\\framework\\src\\Illuminate\\Routing\\Router.php(721): Illuminate\\Routing\\Router->prepareResponse()
#14 C:\\Users\\covid 19\\Downloads\\Velo-gestion_velo\\Velo-gestion_velo\\vendor\\laravel\\framework\\src\\Illuminate\\Pipeline\\Pipeline.php(128): Illuminate\\Routing\\Router->Illuminate\\Routing\\{closure}()
#15 C:\\Users\\covid 19\\Downloads\\Velo-gestion_velo\\Velo-gestion_velo\\vendor\\laravel\\framework\\src\\Illuminate\\Routing\\Middleware\\SubstituteBindings.php(50): Illuminate\\Pipeline\\Pipeline->Illuminate\\Pipeline\\{closure}()
#16 C:\\Users\\covid 19\\Downloads\\Velo-gestion_velo\\Velo-gestion_velo\\vendor\\laravel\\framework\\src\\Illuminate\\Pipeline\\Pipeline.php(167): Illuminate\\Routing\\Middleware\\SubstituteBindings->handle()
#17 C:\\Users\\covid 19\\Downloads\\Velo-gestion_velo\\Velo-gestion_velo\\vendor\\laravel\\framework\\src\\Illuminate\\Auth\\Middleware\\Authenticate.php(44): Illuminate\\Pipeline\\Pipeline->Illuminate\\Pipeline\\{closure}()
#18 C:\\Users\\covid 19\\Downloads\\Velo-gestion_velo\\Velo-gestion_velo\\vendor\\laravel\\framework\\src\\Illuminate\\Pipeline\\Pipeline.php(167): Illuminate\\Auth\\Middleware\\Authenticate->handle()
#19 C:\\Users\\covid 19\\Downloads\\Velo-gestion_velo\\Velo-gestion_velo\\vendor\\laravel\\framework\\src\\Illuminate\\Foundation\\Http\\Middleware\\VerifyCsrfToken.php(78): Illuminate\\Pipeline\\Pipeline->Illuminate\\Pipeline\\{closure}()
#20 C:\\Users\\covid 19\\Downloads\\Velo-gestion_velo\\Velo-gestion_velo\\vendor\\laravel\\framework\\src\\Illuminate\\Pipeline\\Pipeline.php(167): Illuminate\\Foundation\\Http\\Middleware\\VerifyCsrfToken->handle()
#21 C:\\Users\\covid 19\\Downloads\\Velo-gestion_velo\\Velo-gestion_velo\\vendor\\laravel\\framework\\src\\Illuminate\\View\\Middleware\\ShareErrorsFromSession.php(49): Illuminate\\Pipeline\\Pipeline->Illuminate\\Pipeline\\{closure}()
#22 C:\\Users\\covid 19\\Downloads\\Velo-gestion_velo\\Velo-gestion_velo\\vendor\\laravel\\framework\\src\\Illuminate\\Pipeline\\Pipeline.php(167): Illuminate\\View\\Middleware\\ShareErrorsFromSession->handle()
#23 C:\\Users\\covid 19\\Downloads\\Velo-gestion_velo\\Velo-gestion_velo\\vendor\\laravel\\framework\\src\\Illuminate\\Session\\Middleware\\StartSession.php(121): Illuminate\\Pipeline\\Pipeline->Illuminate\\Pipeline\\{closure}()
#24 C:\\Users\\covid 19\\Downloads\\Velo-gestion_velo\\Velo-gestion_velo\\vendor\\laravel\\framework\\src\\Illuminate\\Session\\Middleware\\StartSession.php(64): Illuminate\\Session\\Middleware\\StartSession->handleStatefulRequest()
#25 C:\\Users\\covid 19\\Downloads\\Velo-gestion_velo\\Velo-gestion_velo\\vendor\\laravel\\framework\\src\\Illuminate\\Pipeline\\Pipeline.php(167): Illuminate\\Session\\Middleware\\StartSession->handle()
#26 C:\\Users\\covid 19\\Downloads\\Velo-gestion_velo\\Velo-gestion_velo\\vendor\\laravel\\framework\\src\\Illuminate\\Cookie\\Middleware\\AddQueuedCookiesToResponse.php(37): Illuminate\\Pipeline\\Pipeline->Illuminate\\Pipeline\\{closure}()
#27 C:\\Users\\covid 19\\Downloads\\Velo-gestion_velo\\Velo-gestion_velo\\vendor\\laravel\\framework\\src\\Illuminate\\Pipeline\\Pipeline.php(167): Illuminate\\Cookie\\Middleware\\AddQueuedCookiesToResponse->handle()
#28 C:\\Users\\covid 19\\Downloads\\Velo-gestion_velo\\Velo-gestion_velo\\vendor\\laravel\\framework\\src\\Illuminate\\Cookie\\Middleware\\EncryptCookies.php(67): Illuminate\\Pipeline\\Pipeline->Illuminate\\Pipeline\\{closure}()
#29 C:\\Users\\covid 19\\Downloads\\Velo-gestion_velo\\Velo-gestion_velo\\vendor\\laravel\\framework\\src\\Illuminate\\Pipeline\\Pipeline.php(167): Illuminate\\Cookie\\Middleware\\EncryptCookies->handle()
#30 C:\\Users\\covid 19\\Downloads\\Velo-gestion_velo\\Velo-gestion_velo\\vendor\\laravel\\framework\\src\\Illuminate\\Pipeline\\Pipeline.php(103): Illuminate\\Pipeline\\Pipeline->Illuminate\\Pipeline\\{closure}()
#31 C:\\Users\\covid 19\\Downloads\\Velo-gestion_velo\\Velo-gestion_velo\\vendor\\laravel\\framework\\src\\Illuminate\\Routing\\Router.php(723): Illuminate\\Pipeline\\Pipeline->then()
#32 C:\\Users\\covid 19\\Downloads\\Velo-gestion_velo\\Velo-gestion_velo\\vendor\\laravel\\framework\\src\\Illuminate\\Routing\\Router.php(698): Illuminate\\Routing\\Router->runRouteWithinStack()
#33 C:\\Users\\covid 19\\Downloads\\Velo-gestion_velo\\Velo-gestion_velo\\vendor\\laravel\\framework\\src\\Illuminate\\Routing\\Router.php(662): Illuminate\\Routing\\Router->runRoute()
#34 C:\\Users\\covid 19\\Downloads\\Velo-gestion_velo\\Velo-gestion_velo\\vendor\\laravel\\framework\\src\\Illuminate\\Routing\\Router.php(651): Illuminate\\Routing\\Router->dispatchToRoute()
#35 C:\\Users\\covid 19\\Downloads\\Velo-gestion_velo\\Velo-gestion_velo\\vendor\\laravel\\framework\\src\\Illuminate\\Foundation\\Http\\Kernel.php(167): Illuminate\\Routing\\Router->dispatch()
#36 C:\\Users\\covid 19\\Downloads\\Velo-gestion_velo\\Velo-gestion_velo\\vendor\\laravel\\framework\\src\\Illuminate\\Pipeline\\Pipeline.php(128): Illuminate\\Foundation\\Http\\Kernel->Illuminate\\Foundation\\Http\\{closure}()
#37 C:\\Users\\covid 19\\Downloads\\Velo-gestion_velo\\Velo-gestion_velo\\vendor\\laravel\\framework\\src\\Illuminate\\Foundation\\Http\\Middleware\\TransformsRequest.php(21): Illuminate\\Pipeline\\Pipeline->Illuminate\\Pipeline\\{closure}()
#38 C:\\Users\\covid 19\\Downloads\\Velo-gestion_velo\\Velo-gestion_velo\\vendor\\laravel\\framework\\src\\Illuminate\\Foundation\\Http\\Middleware\\ConvertEmptyStringsToNull.php(31): Illuminate\\Foundation\\Http\\Middleware\\TransformsRequest->handle()
#39 C:\\Users\\covid 19\\Downloads\\Velo-gestion_velo\\Velo-gestion_velo\\vendor\\laravel\\framework\\src\\Illuminate\\Pipeline\\Pipeline.php(167): Illuminate\\Foundation\\Http\\Middleware\\ConvertEmptyStringsToNull->handle()
#40 C:\\Users\\covid 19\\Downloads\\Velo-gestion_velo\\Velo-gestion_velo\\vendor\\laravel\\framework\\src\\Illuminate\\Foundation\\Http\\Middleware\\TransformsRequest.php(21): Illuminate\\Pipeline\\Pipeline->Illuminate\\Pipeline\\{closure}()
#41 C:\\Users\\covid 19\\Downloads\\Velo-gestion_velo\\Velo-gestion_velo\\vendor\\laravel\\framework\\src\\Illuminate\\Foundation\\Http\\Middleware\\TrimStrings.php(40): Illuminate\\Foundation\\Http\\Middleware\\TransformsRequest->handle()
#42 C:\\Users\\covid 19\\Downloads\\Velo-gestion_velo\\Velo-gestion_velo\\vendor\\laravel\\framework\\src\\Illuminate\\Pipeline\\Pipeline.php(167): Illuminate\\Foundation\\Http\\Middleware\\TrimStrings->handle()
#43 C:\\Users\\covid 19\\Downloads\\Velo-gestion_velo\\Velo-gestion_velo\\vendor\\laravel\\framework\\src\\Illuminate\\Foundation\\Http\\Middleware\\ValidatePostSize.php(27): Illuminate\\Pipeline\\Pipeline->Illuminate\\Pipeline\\{closure}()
#44 C:\\Users\\covid 19\\Downloads\\Velo-gestion_velo\\Velo-gestion_velo\\vendor\\laravel\\framework\\src\\Illuminate\\Pipeline\\Pipeline.php(167): Illuminate\\Foundation\\Http\\Middleware\\ValidatePostSize->handle()
#45 C:\\Users\\covid 19\\Downloads\\Velo-gestion_velo\\Velo-gestion_velo\\vendor\\laravel\\framework\\src\\Illuminate\\Foundation\\Http\\Middleware\\PreventRequestsDuringMaintenance.php(86): Illuminate\\Pipeline\\Pipeline->Illuminate\\Pipeline\\{closure}()
#46 C:\\Users\\covid 19\\Downloads\\Velo-gestion_velo\\Velo-gestion_velo\\vendor\\laravel\\framework\\src\\Illuminate\\Pipeline\\Pipeline.php(167): Illuminate\\Foundation\\Http\\Middleware\\PreventRequestsDuringMaintenance->handle()
#47 C:\\Users\\covid 19\\Downloads\\Velo-gestion_velo\\Velo-gestion_velo\\vendor\\fruitcake\\laravel-cors\\src\\HandleCors.php(38): Illuminate\\Pipeline\\Pipeline->Illuminate\\Pipeline\\{closure}()
#48 C:\\Users\\covid 19\\Downloads\\Velo-gestion_velo\\Velo-gestion_velo\\vendor\\laravel\\framework\\src\\Illuminate\\Pipeline\\Pipeline.php(167): Fruitcake\\Cors\\HandleCors->handle()
#49 C:\\Users\\covid 19\\Downloads\\Velo-gestion_velo\\Velo-gestion_velo\\vendor\\fideloper\\proxy\\src\\TrustProxies.php(57): Illuminate\\Pipeline\\Pipeline->Illuminate\\Pipeline\\{closure}()
#50 C:\\Users\\covid 19\\Downloads\\Velo-gestion_velo\\Velo-gestion_velo\\vendor\\laravel\\framework\\src\\Illuminate\\Pipeline\\Pipeline.php(167): Fideloper\\Proxy\\TrustProxies->handle()
#51 C:\\Users\\covid 19\\Downloads\\Velo-gestion_velo\\Velo-gestion_velo\\vendor\\laravel\\framework\\src\\Illuminate\\Pipeline\\Pipeline.php(103): Illuminate\\Pipeline\\Pipeline->Illuminate\\Pipeline\\{closure}()
#52 C:\\Users\\covid 19\\Downloads\\Velo-gestion_velo\\Velo-gestion_velo\\vendor\\laravel\\framework\\src\\Illuminate\\Foundation\\Http\\Kernel.php(142): Illuminate\\Pipeline\\Pipeline->then()
#53 C:\\Users\\covid 19\\Downloads\\Velo-gestion_velo\\Velo-gestion_velo\\vendor\\laravel\\framework\\src\\Illuminate\\Foundation\\Http\\Kernel.php(111): Illuminate\\Foundation\\Http\\Kernel->sendRequestThroughRouter()
#54 C:\\Users\\covid 19\\Downloads\\Velo-gestion_velo\\Velo-gestion_velo\\public\\index.php(52): Illuminate\\Foundation\\Http\\Kernel->handle()
#55 C:\\Users\\covid 19\\Downloads\\Velo-gestion_velo\\Velo-gestion_velo\\server.php(21): require_once('...')
#56 {main}
"} 
[2022-10-26 14:36:54] local.ERROR: Attempt to read property "image" on null (View: C:\Users\covid 19\Downloads\Velo-gestion_velo\Velo-gestion_velo\resources\views\velo\show.blade.php) {"view":{"view":"C:\\Users\\covid 19\\Downloads\\Velo-gestion_velo\\Velo-gestion_velo\\resources\\views/velo/show.blade.php","data":{"errors":"<pre class=sf-dump id=sf-dump-273811158 data-indent-pad=\"  \"><span class=sf-dump-note>Illuminate\\Support\\ViewErrorBag</span> {<a class=sf-dump-ref>#1327</a><samp data-depth=1 class=sf-dump-expanded>
  #<span class=sf-dump-protected title=\"Protected property\">bags</span>: []
</samp>}
</pre><script>Sfdump(\"sf-dump-273811158\", {\"maxDepth\":3,\"maxStringLength\":160})</script>
","velos":"<pre class=sf-dump id=sf-dump-771291880 data-indent-pad=\"  \"><span class=sf-dump-const>null</span>
</pre><script>Sfdump(\"sf-dump-771291880\", {\"maxDepth\":3,\"maxStringLength\":160})</script>
"}},"userId":2,"exception":"[object] (Facade\\Ignition\\Exceptions\\ViewException(code: 0): Attempt to read property \"image\" on null (View: C:\\Users\\covid 19\\Downloads\\Velo-gestion_velo\\Velo-gestion_velo\\resources\\views\\velo\\show.blade.php) at C:\\Users\\covid 19\\Downloads\\Velo-gestion_velo\\Velo-gestion_velo\\resources\\views/velo/show.blade.php:47)
[stacktrace]
#0 C:\\Users\\covid 19\\Downloads\\Velo-gestion_velo\\Velo-gestion_velo\\resources\\views/velo/show.blade.php(47): Illuminate\\Foundation\\Bootstrap\\HandleExceptions->handleError()
#1 C:\\Users\\covid 19\\Downloads\\Velo-gestion_velo\\Velo-gestion_velo\\vendor\\laravel\\framework\\src\\Illuminate\\Filesystem\\Filesystem.php(107): require('...')
#2 C:\\Users\\covid 19\\Downloads\\Velo-gestion_velo\\Velo-gestion_velo\\vendor\\laravel\\framework\\src\\Illuminate\\Filesystem\\Filesystem.php(108): Illuminate\\Filesystem\\Filesystem::Illuminate\\Filesystem\\{closure}()
#3 C:\\Users\\covid 19\\Downloads\\Velo-gestion_velo\\Velo-gestion_velo\\vendor\\laravel\\framework\\src\\Illuminate\\View\\Engines\\PhpEngine.php(58): Illuminate\\Filesystem\\Filesystem->getRequire()
#4 C:\\Users\\covid 19\\Downloads\\Velo-gestion_velo\\Velo-gestion_velo\\vendor\\laravel\\framework\\src\\Illuminate\\View\\Engines\\CompilerEngine.php(61): Illuminate\\View\\Engines\\PhpEngine->evaluatePath()
#5 C:\\Users\\covid 19\\Downloads\\Velo-gestion_velo\\Velo-gestion_velo\\vendor\\facade\\ignition\\src\\Views\\Engines\\CompilerEngine.php(37): Illuminate\\View\\Engines\\CompilerEngine->get()
#6 C:\\Users\\covid 19\\Downloads\\Velo-gestion_velo\\Velo-gestion_velo\\vendor\\laravel\\framework\\src\\Illuminate\\View\\View.php(139): Facade\\Ignition\\Views\\Engines\\CompilerEngine->get()
#7 C:\\Users\\covid 19\\Downloads\\Velo-gestion_velo\\Velo-gestion_velo\\vendor\\laravel\\framework\\src\\Illuminate\\View\\View.php(122): Illuminate\\View\\View->getContents()
#8 C:\\Users\\covid 19\\Downloads\\Velo-gestion_velo\\Velo-gestion_velo\\vendor\\laravel\\framework\\src\\Illuminate\\View\\View.php(91): Illuminate\\View\\View->renderContents()
#9 C:\\Users\\covid 19\\Downloads\\Velo-gestion_velo\\Velo-gestion_velo\\vendor\\laravel\\framework\\src\\Illuminate\\Http\\Response.php(69): Illuminate\\View\\View->render()
#10 C:\\Users\\covid 19\\Downloads\\Velo-gestion_velo\\Velo-gestion_velo\\vendor\\laravel\\framework\\src\\Illuminate\\Http\\Response.php(35): Illuminate\\Http\\Response->setContent()
#11 C:\\Users\\covid 19\\Downloads\\Velo-gestion_velo\\Velo-gestion_velo\\vendor\\laravel\\framework\\src\\Illuminate\\Routing\\Router.php(820): Illuminate\\Http\\Response->__construct()
#12 C:\\Users\\covid 19\\Downloads\\Velo-gestion_velo\\Velo-gestion_velo\\vendor\\laravel\\framework\\src\\Illuminate\\Routing\\Router.php(789): Illuminate\\Routing\\Router::toResponse()
#13 C:\\Users\\covid 19\\Downloads\\Velo-gestion_velo\\Velo-gestion_velo\\vendor\\laravel\\framework\\src\\Illuminate\\Routing\\Router.php(721): Illuminate\\Routing\\Router->prepareResponse()
#14 C:\\Users\\covid 19\\Downloads\\Velo-gestion_velo\\Velo-gestion_velo\\vendor\\laravel\\framework\\src\\Illuminate\\Pipeline\\Pipeline.php(128): Illuminate\\Routing\\Router->Illuminate\\Routing\\{closure}()
#15 C:\\Users\\covid 19\\Downloads\\Velo-gestion_velo\\Velo-gestion_velo\\vendor\\laravel\\framework\\src\\Illuminate\\Routing\\Middleware\\SubstituteBindings.php(50): Illuminate\\Pipeline\\Pipeline->Illuminate\\Pipeline\\{closure}()
#16 C:\\Users\\covid 19\\Downloads\\Velo-gestion_velo\\Velo-gestion_velo\\vendor\\laravel\\framework\\src\\Illuminate\\Pipeline\\Pipeline.php(167): Illuminate\\Routing\\Middleware\\SubstituteBindings->handle()
#17 C:\\Users\\covid 19\\Downloads\\Velo-gestion_velo\\Velo-gestion_velo\\vendor\\laravel\\framework\\src\\Illuminate\\Auth\\Middleware\\Authenticate.php(44): Illuminate\\Pipeline\\Pipeline->Illuminate\\Pipeline\\{closure}()
#18 C:\\Users\\covid 19\\Downloads\\Velo-gestion_velo\\Velo-gestion_velo\\vendor\\laravel\\framework\\src\\Illuminate\\Pipeline\\Pipeline.php(167): Illuminate\\Auth\\Middleware\\Authenticate->handle()
#19 C:\\Users\\covid 19\\Downloads\\Velo-gestion_velo\\Velo-gestion_velo\\vendor\\laravel\\framework\\src\\Illuminate\\Foundation\\Http\\Middleware\\VerifyCsrfToken.php(78): Illuminate\\Pipeline\\Pipeline->Illuminate\\Pipeline\\{closure}()
#20 C:\\Users\\covid 19\\Downloads\\Velo-gestion_velo\\Velo-gestion_velo\\vendor\\laravel\\framework\\src\\Illuminate\\Pipeline\\Pipeline.php(167): Illuminate\\Foundation\\Http\\Middleware\\VerifyCsrfToken->handle()
#21 C:\\Users\\covid 19\\Downloads\\Velo-gestion_velo\\Velo-gestion_velo\\vendor\\laravel\\framework\\src\\Illuminate\\View\\Middleware\\ShareErrorsFromSession.php(49): Illuminate\\Pipeline\\Pipeline->Illuminate\\Pipeline\\{closure}()
#22 C:\\Users\\covid 19\\Downloads\\Velo-gestion_velo\\Velo-gestion_velo\\vendor\\laravel\\framework\\src\\Illuminate\\Pipeline\\Pipeline.php(167): Illuminate\\View\\Middleware\\ShareErrorsFromSession->handle()
#23 C:\\Users\\covid 19\\Downloads\\Velo-gestion_velo\\Velo-gestion_velo\\vendor\\laravel\\framework\\src\\Illuminate\\Session\\Middleware\\StartSession.php(121): Illuminate\\Pipeline\\Pipeline->Illuminate\\Pipeline\\{closure}()
#24 C:\\Users\\covid 19\\Downloads\\Velo-gestion_velo\\Velo-gestion_velo\\vendor\\laravel\\framework\\src\\Illuminate\\Session\\Middleware\\StartSession.php(64): Illuminate\\Session\\Middleware\\StartSession->handleStatefulRequest()
#25 C:\\Users\\covid 19\\Downloads\\Velo-gestion_velo\\Velo-gestion_velo\\vendor\\laravel\\framework\\src\\Illuminate\\Pipeline\\Pipeline.php(167): Illuminate\\Session\\Middleware\\StartSession->handle()
#26 C:\\Users\\covid 19\\Downloads\\Velo-gestion_velo\\Velo-gestion_velo\\vendor\\laravel\\framework\\src\\Illuminate\\Cookie\\Middleware\\AddQueuedCookiesToResponse.php(37): Illuminate\\Pipeline\\Pipeline->Illuminate\\Pipeline\\{closure}()
#27 C:\\Users\\covid 19\\Downloads\\Velo-gestion_velo\\Velo-gestion_velo\\vendor\\laravel\\framework\\src\\Illuminate\\Pipeline\\Pipeline.php(167): Illuminate\\Cookie\\Middleware\\AddQueuedCookiesToResponse->handle()
#28 C:\\Users\\covid 19\\Downloads\\Velo-gestion_velo\\Velo-gestion_velo\\vendor\\laravel\\framework\\src\\Illuminate\\Cookie\\Middleware\\EncryptCookies.php(67): Illuminate\\Pipeline\\Pipeline->Illuminate\\Pipeline\\{closure}()
#29 C:\\Users\\covid 19\\Downloads\\Velo-gestion_velo\\Velo-gestion_velo\\vendor\\laravel\\framework\\src\\Illuminate\\Pipeline\\Pipeline.php(167): Illuminate\\Cookie\\Middleware\\EncryptCookies->handle()
#30 C:\\Users\\covid 19\\Downloads\\Velo-gestion_velo\\Velo-gestion_velo\\vendor\\laravel\\framework\\src\\Illuminate\\Pipeline\\Pipeline.php(103): Illuminate\\Pipeline\\Pipeline->Illuminate\\Pipeline\\{closure}()
#31 C:\\Users\\covid 19\\Downloads\\Velo-gestion_velo\\Velo-gestion_velo\\vendor\\laravel\\framework\\src\\Illuminate\\Routing\\Router.php(723): Illuminate\\Pipeline\\Pipeline->then()
#32 C:\\Users\\covid 19\\Downloads\\Velo-gestion_velo\\Velo-gestion_velo\\vendor\\laravel\\framework\\src\\Illuminate\\Routing\\Router.php(698): Illuminate\\Routing\\Router->runRouteWithinStack()
#33 C:\\Users\\covid 19\\Downloads\\Velo-gestion_velo\\Velo-gestion_velo\\vendor\\laravel\\framework\\src\\Illuminate\\Routing\\Router.php(662): Illuminate\\Routing\\Router->runRoute()
#34 C:\\Users\\covid 19\\Downloads\\Velo-gestion_velo\\Velo-gestion_velo\\vendor\\laravel\\framework\\src\\Illuminate\\Routing\\Router.php(651): Illuminate\\Routing\\Router->dispatchToRoute()
#35 C:\\Users\\covid 19\\Downloads\\Velo-gestion_velo\\Velo-gestion_velo\\vendor\\laravel\\framework\\src\\Illuminate\\Foundation\\Http\\Kernel.php(167): Illuminate\\Routing\\Router->dispatch()
#36 C:\\Users\\covid 19\\Downloads\\Velo-gestion_velo\\Velo-gestion_velo\\vendor\\laravel\\framework\\src\\Illuminate\\Pipeline\\Pipeline.php(128): Illuminate\\Foundation\\Http\\Kernel->Illuminate\\Foundation\\Http\\{closure}()
#37 C:\\Users\\covid 19\\Downloads\\Velo-gestion_velo\\Velo-gestion_velo\\vendor\\laravel\\framework\\src\\Illuminate\\Foundation\\Http\\Middleware\\TransformsRequest.php(21): Illuminate\\Pipeline\\Pipeline->Illuminate\\Pipeline\\{closure}()
#38 C:\\Users\\covid 19\\Downloads\\Velo-gestion_velo\\Velo-gestion_velo\\vendor\\laravel\\framework\\src\\Illuminate\\Foundation\\Http\\Middleware\\ConvertEmptyStringsToNull.php(31): Illuminate\\Foundation\\Http\\Middleware\\TransformsRequest->handle()
#39 C:\\Users\\covid 19\\Downloads\\Velo-gestion_velo\\Velo-gestion_velo\\vendor\\laravel\\framework\\src\\Illuminate\\Pipeline\\Pipeline.php(167): Illuminate\\Foundation\\Http\\Middleware\\ConvertEmptyStringsToNull->handle()
#40 C:\\Users\\covid 19\\Downloads\\Velo-gestion_velo\\Velo-gestion_velo\\vendor\\laravel\\framework\\src\\Illuminate\\Foundation\\Http\\Middleware\\TransformsRequest.php(21): Illuminate\\Pipeline\\Pipeline->Illuminate\\Pipeline\\{closure}()
#41 C:\\Users\\covid 19\\Downloads\\Velo-gestion_velo\\Velo-gestion_velo\\vendor\\laravel\\framework\\src\\Illuminate\\Foundation\\Http\\Middleware\\TrimStrings.php(40): Illuminate\\Foundation\\Http\\Middleware\\TransformsRequest->handle()
#42 C:\\Users\\covid 19\\Downloads\\Velo-gestion_velo\\Velo-gestion_velo\\vendor\\laravel\\framework\\src\\Illuminate\\Pipeline\\Pipeline.php(167): Illuminate\\Foundation\\Http\\Middleware\\TrimStrings->handle()
#43 C:\\Users\\covid 19\\Downloads\\Velo-gestion_velo\\Velo-gestion_velo\\vendor\\laravel\\framework\\src\\Illuminate\\Foundation\\Http\\Middleware\\ValidatePostSize.php(27): Illuminate\\Pipeline\\Pipeline->Illuminate\\Pipeline\\{closure}()
#44 C:\\Users\\covid 19\\Downloads\\Velo-gestion_velo\\Velo-gestion_velo\\vendor\\laravel\\framework\\src\\Illuminate\\Pipeline\\Pipeline.php(167): Illuminate\\Foundation\\Http\\Middleware\\ValidatePostSize->handle()
#45 C:\\Users\\covid 19\\Downloads\\Velo-gestion_velo\\Velo-gestion_velo\\vendor\\laravel\\framework\\src\\Illuminate\\Foundation\\Http\\Middleware\\PreventRequestsDuringMaintenance.php(86): Illuminate\\Pipeline\\Pipeline->Illuminate\\Pipeline\\{closure}()
#46 C:\\Users\\covid 19\\Downloads\\Velo-gestion_velo\\Velo-gestion_velo\\vendor\\laravel\\framework\\src\\Illuminate\\Pipeline\\Pipeline.php(167): Illuminate\\Foundation\\Http\\Middleware\\PreventRequestsDuringMaintenance->handle()
#47 C:\\Users\\covid 19\\Downloads\\Velo-gestion_velo\\Velo-gestion_velo\\vendor\\fruitcake\\laravel-cors\\src\\HandleCors.php(38): Illuminate\\Pipeline\\Pipeline->Illuminate\\Pipeline\\{closure}()
#48 C:\\Users\\covid 19\\Downloads\\Velo-gestion_velo\\Velo-gestion_velo\\vendor\\laravel\\framework\\src\\Illuminate\\Pipeline\\Pipeline.php(167): Fruitcake\\Cors\\HandleCors->handle()
#49 C:\\Users\\covid 19\\Downloads\\Velo-gestion_velo\\Velo-gestion_velo\\vendor\\fideloper\\proxy\\src\\TrustProxies.php(57): Illuminate\\Pipeline\\Pipeline->Illuminate\\Pipeline\\{closure}()
#50 C:\\Users\\covid 19\\Downloads\\Velo-gestion_velo\\Velo-gestion_velo\\vendor\\laravel\\framework\\src\\Illuminate\\Pipeline\\Pipeline.php(167): Fideloper\\Proxy\\TrustProxies->handle()
#51 C:\\Users\\covid 19\\Downloads\\Velo-gestion_velo\\Velo-gestion_velo\\vendor\\laravel\\framework\\src\\Illuminate\\Pipeline\\Pipeline.php(103): Illuminate\\Pipeline\\Pipeline->Illuminate\\Pipeline\\{closure}()
#52 C:\\Users\\covid 19\\Downloads\\Velo-gestion_velo\\Velo-gestion_velo\\vendor\\laravel\\framework\\src\\Illuminate\\Foundation\\Http\\Kernel.php(142): Illuminate\\Pipeline\\Pipeline->then()
#53 C:\\Users\\covid 19\\Downloads\\Velo-gestion_velo\\Velo-gestion_velo\\vendor\\laravel\\framework\\src\\Illuminate\\Foundation\\Http\\Kernel.php(111): Illuminate\\Foundation\\Http\\Kernel->sendRequestThroughRouter()
#54 C:\\Users\\covid 19\\Downloads\\Velo-gestion_velo\\Velo-gestion_velo\\public\\index.php(52): Illuminate\\Foundation\\Http\\Kernel->handle()
#55 C:\\Users\\covid 19\\Downloads\\Velo-gestion_velo\\Velo-gestion_velo\\server.php(21): require_once('...')
#56 {main}

[previous exception] [object] (ErrorException(code: 0): Attempt to read property \"image\" on null at C:\\Users\\covid 19\\Downloads\\Velo-gestion_velo\\Velo-gestion_velo\\storage\\framework\\views\\8cac9d387cfeecea25b491e35fd9b5eb6d553b4e.php:45)
[stacktrace]
#0 C:\\Users\\covid 19\\Downloads\\Velo-gestion_velo\\Velo-gestion_velo\\storage\\framework\\views\\8cac9d387cfeecea25b491e35fd9b5eb6d553b4e.php(45): Illuminate\\Foundation\\Bootstrap\\HandleExceptions->handleError()
#1 C:\\Users\\covid 19\\Downloads\\Velo-gestion_velo\\Velo-gestion_velo\\vendor\\laravel\\framework\\src\\Illuminate\\Filesystem\\Filesystem.php(107): require('...')
#2 C:\\Users\\covid 19\\Downloads\\Velo-gestion_velo\\Velo-gestion_velo\\vendor\\laravel\\framework\\src\\Illuminate\\Filesystem\\Filesystem.php(108): Illuminate\\Filesystem\\Filesystem::Illuminate\\Filesystem\\{closure}()
#3 C:\\Users\\covid 19\\Downloads\\Velo-gestion_velo\\Velo-gestion_velo\\vendor\\laravel\\framework\\src\\Illuminate\\View\\Engines\\PhpEngine.php(58): Illuminate\\Filesystem\\Filesystem->getRequire()
#4 C:\\Users\\covid 19\\Downloads\\Velo-gestion_velo\\Velo-gestion_velo\\vendor\\laravel\\framework\\src\\Illuminate\\View\\Engines\\CompilerEngine.php(61): Illuminate\\View\\Engines\\PhpEngine->evaluatePath()
#5 C:\\Users\\covid 19\\Downloads\\Velo-gestion_velo\\Velo-gestion_velo\\vendor\\facade\\ignition\\src\\Views\\Engines\\CompilerEngine.php(37): Illuminate\\View\\Engines\\CompilerEngine->get()
#6 C:\\Users\\covid 19\\Downloads\\Velo-gestion_velo\\Velo-gestion_velo\\vendor\\laravel\\framework\\src\\Illuminate\\View\\View.php(139): Facade\\Ignition\\Views\\Engines\\CompilerEngine->get()
#7 C:\\Users\\covid 19\\Downloads\\Velo-gestion_velo\\Velo-gestion_velo\\vendor\\laravel\\framework\\src\\Illuminate\\View\\View.php(122): Illuminate\\View\\View->getContents()
#8 C:\\Users\\covid 19\\Downloads\\Velo-gestion_velo\\Velo-gestion_velo\\vendor\\laravel\\framework\\src\\Illuminate\\View\\View.php(91): Illuminate\\View\\View->renderContents()
#9 C:\\Users\\covid 19\\Downloads\\Velo-gestion_velo\\Velo-gestion_velo\\vendor\\laravel\\framework\\src\\Illuminate\\Http\\Response.php(69): Illuminate\\View\\View->render()
#10 C:\\Users\\covid 19\\Downloads\\Velo-gestion_velo\\Velo-gestion_velo\\vendor\\laravel\\framework\\src\\Illuminate\\Http\\Response.php(35): Illuminate\\Http\\Response->setContent()
#11 C:\\Users\\covid 19\\Downloads\\Velo-gestion_velo\\Velo-gestion_velo\\vendor\\laravel\\framework\\src\\Illuminate\\Routing\\Router.php(820): Illuminate\\Http\\Response->__construct()
#12 C:\\Users\\covid 19\\Downloads\\Velo-gestion_velo\\Velo-gestion_velo\\vendor\\laravel\\framework\\src\\Illuminate\\Routing\\Router.php(789): Illuminate\\Routing\\Router::toResponse()
#13 C:\\Users\\covid 19\\Downloads\\Velo-gestion_velo\\Velo-gestion_velo\\vendor\\laravel\\framework\\src\\Illuminate\\Routing\\Router.php(721): Illuminate\\Routing\\Router->prepareResponse()
#14 C:\\Users\\covid 19\\Downloads\\Velo-gestion_velo\\Velo-gestion_velo\\vendor\\laravel\\framework\\src\\Illuminate\\Pipeline\\Pipeline.php(128): Illuminate\\Routing\\Router->Illuminate\\Routing\\{closure}()
#15 C:\\Users\\covid 19\\Downloads\\Velo-gestion_velo\\Velo-gestion_velo\\vendor\\laravel\\framework\\src\\Illuminate\\Routing\\Middleware\\SubstituteBindings.php(50): Illuminate\\Pipeline\\Pipeline->Illuminate\\Pipeline\\{closure}()
#16 C:\\Users\\covid 19\\Downloads\\Velo-gestion_velo\\Velo-gestion_velo\\vendor\\laravel\\framework\\src\\Illuminate\\Pipeline\\Pipeline.php(167): Illuminate\\Routing\\Middleware\\SubstituteBindings->handle()
#17 C:\\Users\\covid 19\\Downloads\\Velo-gestion_velo\\Velo-gestion_velo\\vendor\\laravel\\framework\\src\\Illuminate\\Auth\\Middleware\\Authenticate.php(44): Illuminate\\Pipeline\\Pipeline->Illuminate\\Pipeline\\{closure}()
#18 C:\\Users\\covid 19\\Downloads\\Velo-gestion_velo\\Velo-gestion_velo\\vendor\\laravel\\framework\\src\\Illuminate\\Pipeline\\Pipeline.php(167): Illuminate\\Auth\\Middleware\\Authenticate->handle()
#19 C:\\Users\\covid 19\\Downloads\\Velo-gestion_velo\\Velo-gestion_velo\\vendor\\laravel\\framework\\src\\Illuminate\\Foundation\\Http\\Middleware\\VerifyCsrfToken.php(78): Illuminate\\Pipeline\\Pipeline->Illuminate\\Pipeline\\{closure}()
#20 C:\\Users\\covid 19\\Downloads\\Velo-gestion_velo\\Velo-gestion_velo\\vendor\\laravel\\framework\\src\\Illuminate\\Pipeline\\Pipeline.php(167): Illuminate\\Foundation\\Http\\Middleware\\VerifyCsrfToken->handle()
#21 C:\\Users\\covid 19\\Downloads\\Velo-gestion_velo\\Velo-gestion_velo\\vendor\\laravel\\framework\\src\\Illuminate\\View\\Middleware\\ShareErrorsFromSession.php(49): Illuminate\\Pipeline\\Pipeline->Illuminate\\Pipeline\\{closure}()
#22 C:\\Users\\covid 19\\Downloads\\Velo-gestion_velo\\Velo-gestion_velo\\vendor\\laravel\\framework\\src\\Illuminate\\Pipeline\\Pipeline.php(167): Illuminate\\View\\Middleware\\ShareErrorsFromSession->handle()
#23 C:\\Users\\covid 19\\Downloads\\Velo-gestion_velo\\Velo-gestion_velo\\vendor\\laravel\\framework\\src\\Illuminate\\Session\\Middleware\\StartSession.php(121): Illuminate\\Pipeline\\Pipeline->Illuminate\\Pipeline\\{closure}()
#24 C:\\Users\\covid 19\\Downloads\\Velo-gestion_velo\\Velo-gestion_velo\\vendor\\laravel\\framework\\src\\Illuminate\\Session\\Middleware\\StartSession.php(64): Illuminate\\Session\\Middleware\\StartSession->handleStatefulRequest()
#25 C:\\Users\\covid 19\\Downloads\\Velo-gestion_velo\\Velo-gestion_velo\\vendor\\laravel\\framework\\src\\Illuminate\\Pipeline\\Pipeline.php(167): Illuminate\\Session\\Middleware\\StartSession->handle()
#26 C:\\Users\\covid 19\\Downloads\\Velo-gestion_velo\\Velo-gestion_velo\\vendor\\laravel\\framework\\src\\Illuminate\\Cookie\\Middleware\\AddQueuedCookiesToResponse.php(37): Illuminate\\Pipeline\\Pipeline->Illuminate\\Pipeline\\{closure}()
#27 C:\\Users\\covid 19\\Downloads\\Velo-gestion_velo\\Velo-gestion_velo\\vendor\\laravel\\framework\\src\\Illuminate\\Pipeline\\Pipeline.php(167): Illuminate\\Cookie\\Middleware\\AddQueuedCookiesToResponse->handle()
#28 C:\\Users\\covid 19\\Downloads\\Velo-gestion_velo\\Velo-gestion_velo\\vendor\\laravel\\framework\\src\\Illuminate\\Cookie\\Middleware\\EncryptCookies.php(67): Illuminate\\Pipeline\\Pipeline->Illuminate\\Pipeline\\{closure}()
#29 C:\\Users\\covid 19\\Downloads\\Velo-gestion_velo\\Velo-gestion_velo\\vendor\\laravel\\framework\\src\\Illuminate\\Pipeline\\Pipeline.php(167): Illuminate\\Cookie\\Middleware\\EncryptCookies->handle()
#30 C:\\Users\\covid 19\\Downloads\\Velo-gestion_velo\\Velo-gestion_velo\\vendor\\laravel\\framework\\src\\Illuminate\\Pipeline\\Pipeline.php(103): Illuminate\\Pipeline\\Pipeline->Illuminate\\Pipeline\\{closure}()
#31 C:\\Users\\covid 19\\Downloads\\Velo-gestion_velo\\Velo-gestion_velo\\vendor\\laravel\\framework\\src\\Illuminate\\Routing\\Router.php(723): Illuminate\\Pipeline\\Pipeline->then()
#32 C:\\Users\\covid 19\\Downloads\\Velo-gestion_velo\\Velo-gestion_velo\\vendor\\laravel\\framework\\src\\Illuminate\\Routing\\Router.php(698): Illuminate\\Routing\\Router->runRouteWithinStack()
#33 C:\\Users\\covid 19\\Downloads\\Velo-gestion_velo\\Velo-gestion_velo\\vendor\\laravel\\framework\\src\\Illuminate\\Routing\\Router.php(662): Illuminate\\Routing\\Router->runRoute()
#34 C:\\Users\\covid 19\\Downloads\\Velo-gestion_velo\\Velo-gestion_velo\\vendor\\laravel\\framework\\src\\Illuminate\\Routing\\Router.php(651): Illuminate\\Routing\\Router->dispatchToRoute()
#35 C:\\Users\\covid 19\\Downloads\\Velo-gestion_velo\\Velo-gestion_velo\\vendor\\laravel\\framework\\src\\Illuminate\\Foundation\\Http\\Kernel.php(167): Illuminate\\Routing\\Router->dispatch()
#36 C:\\Users\\covid 19\\Downloads\\Velo-gestion_velo\\Velo-gestion_velo\\vendor\\laravel\\framework\\src\\Illuminate\\Pipeline\\Pipeline.php(128): Illuminate\\Foundation\\Http\\Kernel->Illuminate\\Foundation\\Http\\{closure}()
#37 C:\\Users\\covid 19\\Downloads\\Velo-gestion_velo\\Velo-gestion_velo\\vendor\\laravel\\framework\\src\\Illuminate\\Foundation\\Http\\Middleware\\TransformsRequest.php(21): Illuminate\\Pipeline\\Pipeline->Illuminate\\Pipeline\\{closure}()
#38 C:\\Users\\covid 19\\Downloads\\Velo-gestion_velo\\Velo-gestion_velo\\vendor\\laravel\\framework\\src\\Illuminate\\Foundation\\Http\\Middleware\\ConvertEmptyStringsToNull.php(31): Illuminate\\Foundation\\Http\\Middleware\\TransformsRequest->handle()
#39 C:\\Users\\covid 19\\Downloads\\Velo-gestion_velo\\Velo-gestion_velo\\vendor\\laravel\\framework\\src\\Illuminate\\Pipeline\\Pipeline.php(167): Illuminate\\Foundation\\Http\\Middleware\\ConvertEmptyStringsToNull->handle()
#40 C:\\Users\\covid 19\\Downloads\\Velo-gestion_velo\\Velo-gestion_velo\\vendor\\laravel\\framework\\src\\Illuminate\\Foundation\\Http\\Middleware\\TransformsRequest.php(21): Illuminate\\Pipeline\\Pipeline->Illuminate\\Pipeline\\{closure}()
#41 C:\\Users\\covid 19\\Downloads\\Velo-gestion_velo\\Velo-gestion_velo\\vendor\\laravel\\framework\\src\\Illuminate\\Foundation\\Http\\Middleware\\TrimStrings.php(40): Illuminate\\Foundation\\Http\\Middleware\\TransformsRequest->handle()
#42 C:\\Users\\covid 19\\Downloads\\Velo-gestion_velo\\Velo-gestion_velo\\vendor\\laravel\\framework\\src\\Illuminate\\Pipeline\\Pipeline.php(167): Illuminate\\Foundation\\Http\\Middleware\\TrimStrings->handle()
#43 C:\\Users\\covid 19\\Downloads\\Velo-gestion_velo\\Velo-gestion_velo\\vendor\\laravel\\framework\\src\\Illuminate\\Foundation\\Http\\Middleware\\ValidatePostSize.php(27): Illuminate\\Pipeline\\Pipeline->Illuminate\\Pipeline\\{closure}()
#44 C:\\Users\\covid 19\\Downloads\\Velo-gestion_velo\\Velo-gestion_velo\\vendor\\laravel\\framework\\src\\Illuminate\\Pipeline\\Pipeline.php(167): Illuminate\\Foundation\\Http\\Middleware\\ValidatePostSize->handle()
#45 C:\\Users\\covid 19\\Downloads\\Velo-gestion_velo\\Velo-gestion_velo\\vendor\\laravel\\framework\\src\\Illuminate\\Foundation\\Http\\Middleware\\PreventRequestsDuringMaintenance.php(86): Illuminate\\Pipeline\\Pipeline->Illuminate\\Pipeline\\{closure}()
#46 C:\\Users\\covid 19\\Downloads\\Velo-gestion_velo\\Velo-gestion_velo\\vendor\\laravel\\framework\\src\\Illuminate\\Pipeline\\Pipeline.php(167): Illuminate\\Foundation\\Http\\Middleware\\PreventRequestsDuringMaintenance->handle()
#47 C:\\Users\\covid 19\\Downloads\\Velo-gestion_velo\\Velo-gestion_velo\\vendor\\fruitcake\\laravel-cors\\src\\HandleCors.php(38): Illuminate\\Pipeline\\Pipeline->Illuminate\\Pipeline\\{closure}()
#48 C:\\Users\\covid 19\\Downloads\\Velo-gestion_velo\\Velo-gestion_velo\\vendor\\laravel\\framework\\src\\Illuminate\\Pipeline\\Pipeline.php(167): Fruitcake\\Cors\\HandleCors->handle()
#49 C:\\Users\\covid 19\\Downloads\\Velo-gestion_velo\\Velo-gestion_velo\\vendor\\fideloper\\proxy\\src\\TrustProxies.php(57): Illuminate\\Pipeline\\Pipeline->Illuminate\\Pipeline\\{closure}()
#50 C:\\Users\\covid 19\\Downloads\\Velo-gestion_velo\\Velo-gestion_velo\\vendor\\laravel\\framework\\src\\Illuminate\\Pipeline\\Pipeline.php(167): Fideloper\\Proxy\\TrustProxies->handle()
#51 C:\\Users\\covid 19\\Downloads\\Velo-gestion_velo\\Velo-gestion_velo\\vendor\\laravel\\framework\\src\\Illuminate\\Pipeline\\Pipeline.php(103): Illuminate\\Pipeline\\Pipeline->Illuminate\\Pipeline\\{closure}()
#52 C:\\Users\\covid 19\\Downloads\\Velo-gestion_velo\\Velo-gestion_velo\\vendor\\laravel\\framework\\src\\Illuminate\\Foundation\\Http\\Kernel.php(142): Illuminate\\Pipeline\\Pipeline->then()
#53 C:\\Users\\covid 19\\Downloads\\Velo-gestion_velo\\Velo-gestion_velo\\vendor\\laravel\\framework\\src\\Illuminate\\Foundation\\Http\\Kernel.php(111): Illuminate\\Foundation\\Http\\Kernel->sendRequestThroughRouter()
#54 C:\\Users\\covid 19\\Downloads\\Velo-gestion_velo\\Velo-gestion_velo\\public\\index.php(52): Illuminate\\Foundation\\Http\\Kernel->handle()
#55 C:\\Users\\covid 19\\Downloads\\Velo-gestion_velo\\Velo-gestion_velo\\server.php(21): require_once('...')
#56 {main}
"} 
